{"/Users/kuprins/Desktop/Coding/snake/src/App.tsx": {"path":"/Users/kuprins/Desktop/Coding/snake/src/App.tsx","all":true,"statementMap":{"0":{"start":{"line":1,"column":0},"end":{"line":1,"column":51}},"2":{"start":{"line":3,"column":0},"end":{"line":3,"column":16}},"3":{"start":{"line":4,"column":0},"end":{"line":4,"column":23}},"4":{"start":{"line":5,"column":0},"end":{"line":5,"column":1}},"6":{"start":{"line":7,"column":0},"end":{"line":7,"column":19}}},"s":{"0":0,"2":0,"3":0,"4":0,"6":0},"branchMap":{"0":{"type":"branch","line":1,"loc":{"start":{"line":1,"column":116},"end":{"line":7,"column":19}},"locations":[{"start":{"line":1,"column":116},"end":{"line":7,"column":19}}]}},"b":{"0":[0]},"fnMap":{"0":{"name":"(empty-report)","decl":{"start":{"line":1,"column":116},"end":{"line":7,"column":19}},"loc":{"start":{"line":1,"column":116},"end":{"line":7,"column":19}},"line":1}},"f":{"0":0}}
,"/Users/kuprins/Desktop/Coding/snake/src/main.tsx": {"path":"/Users/kuprins/Desktop/Coding/snake/src/main.tsx","all":true,"statementMap":{"0":{"start":{"line":1,"column":0},"end":{"line":1,"column":35}},"1":{"start":{"line":2,"column":0},"end":{"line":2,"column":46}},"2":{"start":{"line":3,"column":0},"end":{"line":3,"column":21}},"3":{"start":{"line":4,"column":0},"end":{"line":4,"column":28}},"5":{"start":{"line":6,"column":0},"end":{"line":6,"column":52}},"6":{"start":{"line":7,"column":0},"end":{"line":7,"column":14}},"7":{"start":{"line":8,"column":0},"end":{"line":8,"column":11}},"8":{"start":{"line":9,"column":0},"end":{"line":9,"column":16}},"9":{"start":{"line":10,"column":0},"end":{"line":10,"column":2}}},"s":{"0":0,"1":0,"2":0,"3":0,"5":0,"6":0,"7":0,"8":0,"9":0},"branchMap":{"0":{"type":"branch","line":1,"loc":{"start":{"line":1,"column":207},"end":{"line":10,"column":-150}},"locations":[{"start":{"line":1,"column":207},"end":{"line":10,"column":-150}}]}},"b":{"0":[0]},"fnMap":{"0":{"name":"(empty-report)","decl":{"start":{"line":1,"column":207},"end":{"line":10,"column":-150}},"loc":{"start":{"line":1,"column":207},"end":{"line":10,"column":-150}},"line":1}},"f":{"0":0}}
,"/Users/kuprins/Desktop/Coding/snake/src/vite-env.d.ts": {"path":"/Users/kuprins/Desktop/Coding/snake/src/vite-env.d.ts","all":true,"statementMap":{},"s":{},"branchMap":{"0":{"type":"branch","line":1,"loc":{"start":{"line":1,"column":37},"end":{"line":1,"column":37}},"locations":[{"start":{"line":1,"column":37},"end":{"line":1,"column":37}}]}},"b":{"0":[1]},"fnMap":{"0":{"name":"(empty-report)","decl":{"start":{"line":1,"column":37},"end":{"line":1,"column":37}},"loc":{"start":{"line":1,"column":37},"end":{"line":1,"column":37}},"line":1}},"f":{"0":1}}
,"/Users/kuprins/Desktop/Coding/snake/src/components/GameBoard.tsx": {"path":"/Users/kuprins/Desktop/Coding/snake/src/components/GameBoard.tsx","all":false,"statementMap":{"8":{"start":{"line":9,"column":0},"end":{"line":9,"column":71}},"9":{"start":{"line":10,"column":0},"end":{"line":10,"column":74}},"10":{"start":{"line":11,"column":0},"end":{"line":11,"column":77}},"11":{"start":{"line":12,"column":0},"end":{"line":12,"column":45}},"13":{"start":{"line":14,"column":0},"end":{"line":14,"column":19}},"14":{"start":{"line":15,"column":0},"end":{"line":15,"column":39}},"15":{"start":{"line":16,"column":0},"end":{"line":16,"column":41}},"16":{"start":{"line":17,"column":0},"end":{"line":17,"column":35}},"17":{"start":{"line":18,"column":0},"end":{"line":18,"column":29}},"19":{"start":{"line":20,"column":0},"end":{"line":20,"column":38}},"20":{"start":{"line":21,"column":0},"end":{"line":21,"column":32}},"21":{"start":{"line":22,"column":0},"end":{"line":22,"column":48}},"22":{"start":{"line":23,"column":0},"end":{"line":23,"column":32}},"23":{"start":{"line":24,"column":0},"end":{"line":24,"column":45}},"24":{"start":{"line":25,"column":0},"end":{"line":25,"column":26}},"25":{"start":{"line":26,"column":0},"end":{"line":26,"column":7}},"27":{"start":{"line":28,"column":0},"end":{"line":28,"column":17}},"28":{"start":{"line":29,"column":0},"end":{"line":29,"column":12}},"29":{"start":{"line":30,"column":0},"end":{"line":30,"column":24}},"30":{"start":{"line":31,"column":0},"end":{"line":31,"column":22}},"32":{"start":{"line":33,"column":0},"end":{"line":33,"column":62}},"33":{"start":{"line":34,"column":0},"end":{"line":34,"column":62}},"34":{"start":{"line":35,"column":0},"end":{"line":35,"column":55}},"35":{"start":{"line":36,"column":0},"end":{"line":36,"column":53}},"37":{"start":{"line":38,"column":0},"end":{"line":38,"column":40}},"38":{"start":{"line":39,"column":0},"end":{"line":39,"column":35}},"39":{"start":{"line":40,"column":0},"end":{"line":40,"column":11}},"40":{"start":{"line":41,"column":0},"end":{"line":41,"column":8}},"41":{"start":{"line":42,"column":0},"end":{"line":42,"column":5}},"42":{"start":{"line":43,"column":0},"end":{"line":43,"column":3}},"44":{"start":{"line":45,"column":0},"end":{"line":45,"column":10}},"45":{"start":{"line":46,"column":0},"end":{"line":46,"column":8}},"46":{"start":{"line":47,"column":0},"end":{"line":47,"column":62}},"47":{"start":{"line":48,"column":0},"end":{"line":48,"column":14}},"48":{"start":{"line":49,"column":0},"end":{"line":49,"column":57}},"49":{"start":{"line":50,"column":0},"end":{"line":50,"column":54}},"50":{"start":{"line":51,"column":0},"end":{"line":51,"column":25}},"51":{"start":{"line":52,"column":0},"end":{"line":52,"column":56}},"52":{"start":{"line":53,"column":0},"end":{"line":53,"column":57}},"53":{"start":{"line":54,"column":0},"end":{"line":54,"column":8}},"54":{"start":{"line":55,"column":0},"end":{"line":55,"column":30}},"56":{"start":{"line":57,"column":0},"end":{"line":57,"column":13}},"57":{"start":{"line":58,"column":0},"end":{"line":58,"column":10}},"59":{"start":{"line":60,"column":0},"end":{"line":60,"column":1}}},"s":{"8":1,"9":7,"10":7,"11":7,"13":7,"14":7,"15":33,"16":159,"17":159,"19":159,"20":6,"21":159,"22":12,"23":153,"24":6,"25":6,"27":159,"28":159,"29":159,"30":159,"32":159,"33":159,"34":159,"35":159,"37":159,"38":159,"39":159,"40":159,"41":159,"42":33,"44":7,"45":7,"46":7,"47":7,"48":7,"49":7,"50":7,"51":7,"52":7,"53":7,"54":7,"56":7,"57":7,"59":7},"branchMap":{"0":{"type":"branch","line":9,"loc":{"start":{"line":9,"column":7},"end":{"line":60,"column":1}},"locations":[{"start":{"line":9,"column":7},"end":{"line":60,"column":1}}]},"1":{"type":"branch","line":11,"loc":{"start":{"line":11,"column":38},"end":{"line":11,"column":74}},"locations":[{"start":{"line":11,"column":38},"end":{"line":11,"column":74}}]},"2":{"type":"branch","line":11,"loc":{"start":{"line":11,"column":69},"end":{"line":11,"column":77}},"locations":[{"start":{"line":11,"column":69},"end":{"line":11,"column":77}}]},"3":{"type":"branch","line":15,"loc":{"start":{"line":15,"column":38},"end":{"line":43,"column":3}},"locations":[{"start":{"line":15,"column":38},"end":{"line":43,"column":3}}]},"4":{"type":"branch","line":16,"loc":{"start":{"line":16,"column":40},"end":{"line":42,"column":5}},"locations":[{"start":{"line":16,"column":40},"end":{"line":42,"column":5}}]},"5":{"type":"branch","line":20,"loc":{"start":{"line":20,"column":37},"end":{"line":22,"column":17}},"locations":[{"start":{"line":20,"column":37},"end":{"line":22,"column":17}}]},"6":{"type":"branch","line":22,"loc":{"start":{"line":22,"column":6},"end":{"line":26,"column":7}},"locations":[{"start":{"line":22,"column":6},"end":{"line":26,"column":7}}]},"7":{"type":"branch","line":22,"loc":{"start":{"line":22,"column":47},"end":{"line":24,"column":17}},"locations":[{"start":{"line":22,"column":47},"end":{"line":24,"column":17}}]},"8":{"type":"branch","line":24,"loc":{"start":{"line":24,"column":6},"end":{"line":26,"column":7}},"locations":[{"start":{"line":24,"column":6},"end":{"line":26,"column":7}}]},"9":{"type":"branch","line":24,"loc":{"start":{"line":24,"column":44},"end":{"line":26,"column":7}},"locations":[{"start":{"line":24,"column":44},"end":{"line":26,"column":7}}]},"10":{"type":"branch","line":33,"loc":{"start":{"line":33,"column":27},"end":{"line":33,"column":59}},"locations":[{"start":{"line":33,"column":27},"end":{"line":33,"column":59}}]},"11":{"type":"branch","line":33,"loc":{"start":{"line":33,"column":42},"end":{"line":33,"column":61}},"locations":[{"start":{"line":33,"column":42},"end":{"line":33,"column":61}}]},"12":{"type":"branch","line":34,"loc":{"start":{"line":34,"column":27},"end":{"line":34,"column":59}},"locations":[{"start":{"line":34,"column":27},"end":{"line":34,"column":59}}]},"13":{"type":"branch","line":34,"loc":{"start":{"line":34,"column":42},"end":{"line":34,"column":61}},"locations":[{"start":{"line":34,"column":42},"end":{"line":34,"column":61}}]},"14":{"type":"branch","line":35,"loc":{"start":{"line":35,"column":27},"end":{"line":35,"column":52}},"locations":[{"start":{"line":35,"column":27},"end":{"line":35,"column":52}}]},"15":{"type":"branch","line":35,"loc":{"start":{"line":35,"column":36},"end":{"line":35,"column":54}},"locations":[{"start":{"line":35,"column":36},"end":{"line":35,"column":54}}]},"16":{"type":"branch","line":36,"loc":{"start":{"line":36,"column":27},"end":{"line":36,"column":50}},"locations":[{"start":{"line":36,"column":27},"end":{"line":36,"column":50}}]},"17":{"type":"branch","line":36,"loc":{"start":{"line":36,"column":37},"end":{"line":36,"column":52}},"locations":[{"start":{"line":36,"column":37},"end":{"line":36,"column":52}}]},"18":{"type":"branch","line":10,"loc":{"start":{"line":10,"column":43},"end":{"line":10,"column":71}},"locations":[{"start":{"line":10,"column":43},"end":{"line":10,"column":71}}]}},"b":{"0":[7],"1":[6],"2":[1],"3":[33],"4":[159],"5":[6],"6":[153],"7":[12],"8":[141],"9":[6],"10":[6],"11":[153],"12":[12],"13":[147],"14":[6],"15":[153],"16":[135],"17":[24],"18":[18]},"fnMap":{"0":{"name":"GameBoard","decl":{"start":{"line":9,"column":7},"end":{"line":60,"column":1}},"loc":{"start":{"line":9,"column":7},"end":{"line":60,"column":1}},"line":9}},"f":{"0":7}}
,"/Users/kuprins/Desktop/Coding/snake/src/components/GameControls.tsx": {"path":"/Users/kuprins/Desktop/Coding/snake/src/components/GameControls.tsx","all":false,"statementMap":{"0":{"start":{"line":1,"column":0},"end":{"line":1,"column":43}},"10":{"start":{"line":11,"column":0},"end":{"line":11,"column":30}},"11":{"start":{"line":12,"column":0},"end":{"line":12,"column":13}},"12":{"start":{"line":13,"column":0},"end":{"line":13,"column":10}},"13":{"start":{"line":14,"column":0},"end":{"line":14,"column":10}},"14":{"start":{"line":15,"column":0},"end":{"line":15,"column":10}},"15":{"start":{"line":16,"column":0},"end":{"line":16,"column":17}},"16":{"start":{"line":17,"column":0},"end":{"line":17,"column":23}},"17":{"start":{"line":18,"column":0},"end":{"line":18,"column":31}},"18":{"start":{"line":19,"column":0},"end":{"line":19,"column":25}},"19":{"start":{"line":20,"column":0},"end":{"line":20,"column":30}},"20":{"start":{"line":21,"column":0},"end":{"line":21,"column":25}},"21":{"start":{"line":22,"column":0},"end":{"line":22,"column":29}},"22":{"start":{"line":23,"column":0},"end":{"line":23,"column":24}},"23":{"start":{"line":24,"column":0},"end":{"line":24,"column":32}},"24":{"start":{"line":25,"column":0},"end":{"line":25,"column":27}},"25":{"start":{"line":26,"column":0},"end":{"line":26,"column":14}},"26":{"start":{"line":27,"column":0},"end":{"line":27,"column":23}},"27":{"start":{"line":28,"column":0},"end":{"line":28,"column":5}},"28":{"start":{"line":29,"column":0},"end":{"line":29,"column":4}},"30":{"start":{"line":31,"column":0},"end":{"line":31,"column":32}},"31":{"start":{"line":32,"column":0},"end":{"line":32,"column":25}},"32":{"start":{"line":33,"column":0},"end":{"line":33,"column":30}},"33":{"start":{"line":34,"column":0},"end":{"line":34,"column":32}},"34":{"start":{"line":35,"column":0},"end":{"line":35,"column":29}},"35":{"start":{"line":36,"column":0},"end":{"line":36,"column":33}},"36":{"start":{"line":37,"column":0},"end":{"line":37,"column":32}},"37":{"start":{"line":38,"column":0},"end":{"line":38,"column":30}},"38":{"start":{"line":39,"column":0},"end":{"line":39,"column":14}},"39":{"start":{"line":40,"column":0},"end":{"line":40,"column":31}},"40":{"start":{"line":41,"column":0},"end":{"line":41,"column":5}},"41":{"start":{"line":42,"column":0},"end":{"line":42,"column":4}},"43":{"start":{"line":44,"column":0},"end":{"line":44,"column":10}},"44":{"start":{"line":45,"column":0},"end":{"line":45,"column":8}},"45":{"start":{"line":46,"column":0},"end":{"line":46,"column":66}},"46":{"start":{"line":47,"column":0},"end":{"line":47,"column":33}},"48":{"start":{"line":49,"column":0},"end":{"line":49,"column":62}},"49":{"start":{"line":50,"column":0},"end":{"line":50,"column":72}},"50":{"start":{"line":51,"column":0},"end":{"line":51,"column":13}},"51":{"start":{"line":52,"column":0},"end":{"line":52,"column":65}},"52":{"start":{"line":53,"column":0},"end":{"line":53,"column":35}},"54":{"start":{"line":55,"column":0},"end":{"line":55,"column":27}},"55":{"start":{"line":56,"column":0},"end":{"line":56,"column":15}},"56":{"start":{"line":57,"column":0},"end":{"line":57,"column":12}},"58":{"start":{"line":59,"column":0},"end":{"line":59,"column":39}},"59":{"start":{"line":60,"column":0},"end":{"line":60,"column":47}},"60":{"start":{"line":61,"column":0},"end":{"line":61,"column":44}},"61":{"start":{"line":62,"column":0},"end":{"line":62,"column":17}},"62":{"start":{"line":63,"column":0},"end":{"line":63,"column":29}},"63":{"start":{"line":64,"column":0},"end":{"line":64,"column":123}},"64":{"start":{"line":65,"column":0},"end":{"line":65,"column":38}},"66":{"start":{"line":67,"column":0},"end":{"line":67,"column":73}},"67":{"start":{"line":68,"column":0},"end":{"line":68,"column":19}},"69":{"start":{"line":70,"column":0},"end":{"line":70,"column":17}},"70":{"start":{"line":71,"column":0},"end":{"line":71,"column":29}},"71":{"start":{"line":72,"column":0},"end":{"line":72,"column":125}},"72":{"start":{"line":73,"column":0},"end":{"line":73,"column":38}},"73":{"start":{"line":74,"column":0},"end":{"line":74,"column":11}},"75":{"start":{"line":76,"column":0},"end":{"line":76,"column":19}},"78":{"start":{"line":79,"column":0},"end":{"line":79,"column":15}},"79":{"start":{"line":80,"column":0},"end":{"line":80,"column":27}},"80":{"start":{"line":81,"column":0},"end":{"line":81,"column":117}},"81":{"start":{"line":82,"column":0},"end":{"line":82,"column":36}},"82":{"start":{"line":83,"column":0},"end":{"line":83,"column":9}},"84":{"start":{"line":85,"column":0},"end":{"line":85,"column":17}},"85":{"start":{"line":86,"column":0},"end":{"line":86,"column":12}},"87":{"start":{"line":88,"column":0},"end":{"line":88,"column":55}},"88":{"start":{"line":89,"column":0},"end":{"line":89,"column":54}},"89":{"start":{"line":90,"column":0},"end":{"line":90,"column":59}},"90":{"start":{"line":91,"column":0},"end":{"line":91,"column":45}},"91":{"start":{"line":92,"column":0},"end":{"line":92,"column":36}},"92":{"start":{"line":93,"column":0},"end":{"line":93,"column":44}},"93":{"start":{"line":94,"column":0},"end":{"line":94,"column":12}},"94":{"start":{"line":95,"column":0},"end":{"line":95,"column":10}},"96":{"start":{"line":97,"column":0},"end":{"line":97,"column":1}}},"s":{"0":1,"10":1,"11":14,"12":14,"13":14,"14":14,"15":14,"16":14,"17":14,"18":14,"19":14,"20":7,"21":14,"22":4,"23":14,"24":3,"25":14,"26":0,"27":14,"28":14,"30":14,"31":14,"32":14,"33":7,"34":14,"35":4,"36":14,"37":3,"38":14,"39":0,"40":14,"41":14,"43":14,"44":14,"45":14,"46":14,"48":14,"49":14,"50":14,"51":14,"52":14,"54":14,"55":14,"56":14,"58":14,"59":14,"60":11,"61":7,"62":7,"63":7,"64":7,"66":7,"67":7,"69":7,"70":7,"71":7,"72":7,"73":7,"75":7,"78":14,"79":14,"80":14,"81":14,"82":14,"84":14,"85":14,"87":14,"88":14,"89":14,"90":14,"91":14,"92":14,"93":14,"94":14,"96":14},"branchMap":{"0":{"type":"branch","line":11,"loc":{"start":{"line":11,"column":7},"end":{"line":97,"column":1}},"locations":[{"start":{"line":11,"column":7},"end":{"line":97,"column":1}}]},"1":{"type":"branch","line":60,"loc":{"start":{"line":60,"column":35},"end":{"line":61,"column":44}},"locations":[{"start":{"line":60,"column":35},"end":{"line":61,"column":44}}]},"2":{"type":"branch","line":61,"loc":{"start":{"line":61,"column":34},"end":{"line":68,"column":19}},"locations":[{"start":{"line":61,"column":34},"end":{"line":68,"column":19}}]},"3":{"type":"branch","line":67,"loc":{"start":{"line":67,"column":39},"end":{"line":67,"column":64}},"locations":[{"start":{"line":67,"column":39},"end":{"line":67,"column":64}}]},"4":{"type":"branch","line":67,"loc":{"start":{"line":67,"column":51},"end":{"line":67,"column":73}},"locations":[{"start":{"line":67,"column":51},"end":{"line":67,"column":73}}]},"5":{"type":"branch","line":68,"loc":{"start":{"line":68,"column":10},"end":{"line":76,"column":19}},"locations":[{"start":{"line":68,"column":10},"end":{"line":76,"column":19}}]},"6":{"type":"branch","line":18,"loc":{"start":{"line":18,"column":24},"end":{"line":29,"column":4}},"locations":[{"start":{"line":18,"column":24},"end":{"line":29,"column":4}}]},"7":{"type":"branch","line":20,"loc":{"start":{"line":20,"column":6},"end":{"line":21,"column":25}},"locations":[{"start":{"line":20,"column":6},"end":{"line":21,"column":25}}]},"8":{"type":"branch","line":22,"loc":{"start":{"line":22,"column":6},"end":{"line":23,"column":24}},"locations":[{"start":{"line":22,"column":6},"end":{"line":23,"column":24}}]},"9":{"type":"branch","line":24,"loc":{"start":{"line":24,"column":6},"end":{"line":25,"column":27}},"locations":[{"start":{"line":24,"column":6},"end":{"line":25,"column":27}}]},"10":{"type":"branch","line":26,"loc":{"start":{"line":26,"column":6},"end":{"line":27,"column":23}},"locations":[{"start":{"line":26,"column":6},"end":{"line":27,"column":23}}]},"11":{"type":"branch","line":31,"loc":{"start":{"line":31,"column":25},"end":{"line":42,"column":4}},"locations":[{"start":{"line":31,"column":25},"end":{"line":42,"column":4}}]},"12":{"type":"branch","line":33,"loc":{"start":{"line":33,"column":6},"end":{"line":34,"column":32}},"locations":[{"start":{"line":33,"column":6},"end":{"line":34,"column":32}}]},"13":{"type":"branch","line":35,"loc":{"start":{"line":35,"column":6},"end":{"line":36,"column":33}},"locations":[{"start":{"line":35,"column":6},"end":{"line":36,"column":33}}]},"14":{"type":"branch","line":37,"loc":{"start":{"line":37,"column":6},"end":{"line":38,"column":30}},"locations":[{"start":{"line":37,"column":6},"end":{"line":38,"column":30}}]},"15":{"type":"branch","line":39,"loc":{"start":{"line":39,"column":6},"end":{"line":40,"column":31}},"locations":[{"start":{"line":39,"column":6},"end":{"line":40,"column":31}}]}},"b":{"0":[14],"1":[11],"2":[7],"3":[3],"4":[4],"5":[7],"6":[14],"7":[7],"8":[4],"9":[3],"10":[0],"11":[14],"12":[7],"13":[4],"14":[3],"15":[0]},"fnMap":{"0":{"name":"GameControls","decl":{"start":{"line":11,"column":7},"end":{"line":97,"column":1}},"loc":{"start":{"line":11,"column":7},"end":{"line":97,"column":1}},"line":11},"1":{"name":"getStatusText","decl":{"start":{"line":18,"column":24},"end":{"line":29,"column":4}},"loc":{"start":{"line":18,"column":24},"end":{"line":29,"column":4}},"line":18},"2":{"name":"getStatusColor","decl":{"start":{"line":31,"column":25},"end":{"line":42,"column":4}},"loc":{"start":{"line":31,"column":25},"end":{"line":42,"column":4}},"line":31}},"f":{"0":14,"1":14,"2":14}}
,"/Users/kuprins/Desktop/Coding/snake/src/components/ScoreDisplay.tsx": {"path":"/Users/kuprins/Desktop/Coding/snake/src/components/ScoreDisplay.tsx","all":false,"statementMap":{"6":{"start":{"line":7,"column":0},"end":{"line":7,"column":30}},"7":{"start":{"line":8,"column":0},"end":{"line":8,"column":8}},"8":{"start":{"line":9,"column":0},"end":{"line":9,"column":11}},"9":{"start":{"line":10,"column":0},"end":{"line":10,"column":17}},"10":{"start":{"line":11,"column":0},"end":{"line":11,"column":23}},"11":{"start":{"line":12,"column":0},"end":{"line":12,"column":44}},"13":{"start":{"line":14,"column":0},"end":{"line":14,"column":10}},"14":{"start":{"line":15,"column":0},"end":{"line":15,"column":8}},"15":{"start":{"line":16,"column":0},"end":{"line":16,"column":66}},"16":{"start":{"line":17,"column":0},"end":{"line":17,"column":33}},"18":{"start":{"line":19,"column":0},"end":{"line":19,"column":62}},"19":{"start":{"line":20,"column":0},"end":{"line":20,"column":66}},"20":{"start":{"line":21,"column":0},"end":{"line":21,"column":13}},"21":{"start":{"line":22,"column":0},"end":{"line":22,"column":54}},"22":{"start":{"line":23,"column":0},"end":{"line":23,"column":35}},"24":{"start":{"line":25,"column":0},"end":{"line":25,"column":17}},"25":{"start":{"line":26,"column":0},"end":{"line":26,"column":15}},"26":{"start":{"line":27,"column":0},"end":{"line":27,"column":12}},"28":{"start":{"line":29,"column":0},"end":{"line":29,"column":84}},"29":{"start":{"line":30,"column":0},"end":{"line":30,"column":36}},"30":{"start":{"line":31,"column":0},"end":{"line":31,"column":38}},"31":{"start":{"line":32,"column":0},"end":{"line":32,"column":30}},"32":{"start":{"line":33,"column":0},"end":{"line":33,"column":15}},"33":{"start":{"line":34,"column":0},"end":{"line":34,"column":12}},"35":{"start":{"line":36,"column":0},"end":{"line":36,"column":59}},"36":{"start":{"line":37,"column":0},"end":{"line":37,"column":12}},"37":{"start":{"line":38,"column":0},"end":{"line":38,"column":78}},"38":{"start":{"line":39,"column":0},"end":{"line":39,"column":58}},"39":{"start":{"line":40,"column":0},"end":{"line":40,"column":36}},"40":{"start":{"line":41,"column":0},"end":{"line":41,"column":10}},"41":{"start":{"line":42,"column":0},"end":{"line":42,"column":12}},"43":{"start":{"line":44,"column":0},"end":{"line":44,"column":29}},"44":{"start":{"line":45,"column":0},"end":{"line":45,"column":12}},"45":{"start":{"line":46,"column":0},"end":{"line":46,"column":67}},"46":{"start":{"line":47,"column":0},"end":{"line":47,"column":35}},"47":{"start":{"line":48,"column":0},"end":{"line":48,"column":9}},"49":{"start":{"line":50,"column":0},"end":{"line":50,"column":14}},"51":{"start":{"line":52,"column":0},"end":{"line":52,"column":10}},"53":{"start":{"line":54,"column":0},"end":{"line":54,"column":1}}},"s":{"6":1,"7":8,"8":8,"9":8,"10":8,"11":8,"13":8,"14":8,"15":8,"16":8,"18":8,"19":8,"20":8,"21":8,"22":8,"24":8,"25":8,"26":8,"28":8,"29":8,"30":8,"31":8,"32":8,"33":8,"35":8,"36":8,"37":8,"38":8,"39":8,"40":8,"41":8,"43":8,"44":2,"45":2,"46":2,"47":2,"49":2,"51":8,"53":8},"branchMap":{"0":{"type":"branch","line":7,"loc":{"start":{"line":7,"column":7},"end":{"line":54,"column":1}},"locations":[{"start":{"line":7,"column":7},"end":{"line":54,"column":1}}]},"1":{"type":"branch","line":44,"loc":{"start":{"line":44,"column":16},"end":{"line":50,"column":14}},"locations":[{"start":{"line":44,"column":16},"end":{"line":50,"column":14}}]}},"b":{"0":[8],"1":[2]},"fnMap":{"0":{"name":"ScoreDisplay","decl":{"start":{"line":7,"column":7},"end":{"line":54,"column":1}},"loc":{"start":{"line":7,"column":7},"end":{"line":54,"column":1}},"line":7}},"f":{"0":8}}
,"/Users/kuprins/Desktop/Coding/snake/src/components/SnakeGame.tsx": {"path":"/Users/kuprins/Desktop/Coding/snake/src/components/SnakeGame.tsx","all":true,"statementMap":{"0":{"start":{"line":1,"column":0},"end":{"line":1,"column":40}},"1":{"start":{"line":2,"column":0},"end":{"line":2,"column":53}},"2":{"start":{"line":3,"column":0},"end":{"line":3,"column":67}},"3":{"start":{"line":4,"column":0},"end":{"line":4,"column":52}},"4":{"start":{"line":5,"column":0},"end":{"line":5,"column":43}},"12":{"start":{"line":13,"column":0},"end":{"line":13,"column":27}},"13":{"start":{"line":14,"column":0},"end":{"line":14,"column":26}},"14":{"start":{"line":15,"column":0},"end":{"line":15,"column":17}},"15":{"start":{"line":16,"column":0},"end":{"line":16,"column":20}},"16":{"start":{"line":17,"column":0},"end":{"line":17,"column":9}},"17":{"start":{"line":18,"column":0},"end":{"line":18,"column":14}},"18":{"start":{"line":19,"column":0},"end":{"line":19,"column":20}},"19":{"start":{"line":20,"column":0},"end":{"line":20,"column":14}},"20":{"start":{"line":21,"column":0},"end":{"line":21,"column":16}},"21":{"start":{"line":22,"column":0},"end":{"line":22,"column":14}},"22":{"start":{"line":23,"column":0},"end":{"line":23,"column":18}},"23":{"start":{"line":24,"column":0},"end":{"line":24,"column":27}},"25":{"start":{"line":26,"column":0},"end":{"line":26,"column":23}},"26":{"start":{"line":27,"column":0},"end":{"line":27,"column":39}},"27":{"start":{"line":28,"column":0},"end":{"line":28,"column":25}},"28":{"start":{"line":29,"column":0},"end":{"line":29,"column":23}},"29":{"start":{"line":30,"column":0},"end":{"line":30,"column":23}},"30":{"start":{"line":31,"column":0},"end":{"line":31,"column":32}},"31":{"start":{"line":32,"column":0},"end":{"line":32,"column":5}},"33":{"start":{"line":34,"column":0},"end":{"line":34,"column":10}},"34":{"start":{"line":35,"column":0},"end":{"line":35,"column":8}},"35":{"start":{"line":36,"column":0},"end":{"line":36,"column":71}},"36":{"start":{"line":37,"column":0},"end":{"line":37,"column":30}},"38":{"start":{"line":39,"column":0},"end":{"line":39,"column":55}},"39":{"start":{"line":40,"column":0},"end":{"line":40,"column":93}},"40":{"start":{"line":41,"column":0},"end":{"line":41,"column":51}},"41":{"start":{"line":42,"column":0},"end":{"line":42,"column":76}},"42":{"start":{"line":43,"column":0},"end":{"line":43,"column":53}},"43":{"start":{"line":44,"column":0},"end":{"line":44,"column":68}},"44":{"start":{"line":45,"column":0},"end":{"line":45,"column":40}},"45":{"start":{"line":46,"column":0},"end":{"line":46,"column":21}},"46":{"start":{"line":47,"column":0},"end":{"line":47,"column":80}},"47":{"start":{"line":48,"column":0},"end":{"line":48,"column":18}},"48":{"start":{"line":49,"column":0},"end":{"line":49,"column":16}},"50":{"start":{"line":51,"column":0},"end":{"line":51,"column":51}},"51":{"start":{"line":52,"column":0},"end":{"line":52,"column":62}},"52":{"start":{"line":53,"column":0},"end":{"line":53,"column":21}},"53":{"start":{"line":54,"column":0},"end":{"line":54,"column":35}},"54":{"start":{"line":55,"column":0},"end":{"line":55,"column":120}},"55":{"start":{"line":56,"column":0},"end":{"line":56,"column":47}},"56":{"start":{"line":57,"column":0},"end":{"line":57,"column":15}},"58":{"start":{"line":59,"column":0},"end":{"line":59,"column":23}},"59":{"start":{"line":60,"column":0},"end":{"line":60,"column":62}},"60":{"start":{"line":61,"column":0},"end":{"line":61,"column":21}},"61":{"start":{"line":62,"column":0},"end":{"line":62,"column":35}},"62":{"start":{"line":63,"column":0},"end":{"line":63,"column":120}},"63":{"start":{"line":64,"column":0},"end":{"line":64,"column":43}},"64":{"start":{"line":65,"column":0},"end":{"line":65,"column":15}},"66":{"start":{"line":67,"column":0},"end":{"line":67,"column":23}},"68":{"start":{"line":69,"column":0},"end":{"line":69,"column":21}},"69":{"start":{"line":70,"column":0},"end":{"line":70,"column":37}},"70":{"start":{"line":71,"column":0},"end":{"line":71,"column":122}},"71":{"start":{"line":72,"column":0},"end":{"line":72,"column":42}},"72":{"start":{"line":73,"column":0},"end":{"line":73,"column":15}},"74":{"start":{"line":75,"column":0},"end":{"line":75,"column":23}},"77":{"start":{"line":78,"column":0},"end":{"line":78,"column":19}},"78":{"start":{"line":79,"column":0},"end":{"line":79,"column":33}},"79":{"start":{"line":80,"column":0},"end":{"line":80,"column":114}},"80":{"start":{"line":81,"column":0},"end":{"line":81,"column":40}},"81":{"start":{"line":82,"column":0},"end":{"line":82,"column":13}},"83":{"start":{"line":84,"column":0},"end":{"line":84,"column":21}},"84":{"start":{"line":85,"column":0},"end":{"line":85,"column":16}},"85":{"start":{"line":86,"column":0},"end":{"line":86,"column":14}},"86":{"start":{"line":87,"column":0},"end":{"line":87,"column":12}},"88":{"start":{"line":89,"column":0},"end":{"line":89,"column":67}},"89":{"start":{"line":90,"column":0},"end":{"line":90,"column":18}},"90":{"start":{"line":91,"column":0},"end":{"line":91,"column":41}},"91":{"start":{"line":92,"column":0},"end":{"line":92,"column":33}},"92":{"start":{"line":93,"column":0},"end":{"line":93,"column":31}},"93":{"start":{"line":94,"column":0},"end":{"line":94,"column":10}},"94":{"start":{"line":95,"column":0},"end":{"line":95,"column":12}},"95":{"start":{"line":96,"column":0},"end":{"line":96,"column":10}},"97":{"start":{"line":98,"column":0},"end":{"line":98,"column":1}}},"s":{"0":0,"1":0,"2":0,"3":0,"4":0,"12":0,"13":0,"14":0,"15":0,"16":0,"17":0,"18":0,"19":0,"20":0,"21":0,"22":0,"23":0,"25":0,"26":0,"27":0,"28":0,"29":0,"30":0,"31":0,"33":0,"34":0,"35":0,"36":0,"38":0,"39":0,"40":0,"41":0,"42":0,"43":0,"44":0,"45":0,"46":0,"47":0,"48":0,"50":0,"51":0,"52":0,"53":0,"54":0,"55":0,"56":0,"58":0,"59":0,"60":0,"61":0,"62":0,"63":0,"64":0,"66":0,"68":0,"69":0,"70":0,"71":0,"72":0,"74":0,"77":0,"78":0,"79":0,"80":0,"81":0,"83":0,"84":0,"85":0,"86":0,"88":0,"89":0,"90":0,"91":0,"92":0,"93":0,"94":0,"95":0,"97":0},"branchMap":{"0":{"type":"branch","line":1,"loc":{"start":{"line":1,"column":3143},"end":{"line":98,"column":1}},"locations":[{"start":{"line":1,"column":3143},"end":{"line":98,"column":1}}]}},"b":{"0":[0]},"fnMap":{"0":{"name":"(empty-report)","decl":{"start":{"line":1,"column":3143},"end":{"line":98,"column":1}},"loc":{"start":{"line":1,"column":3143},"end":{"line":98,"column":1}},"line":1}},"f":{"0":0}}
,"/Users/kuprins/Desktop/Coding/snake/src/hooks/useKeyboardControls.ts": {"path":"/Users/kuprins/Desktop/Coding/snake/src/hooks/useKeyboardControls.ts","all":true,"statementMap":{"0":{"start":{"line":1,"column":0},"end":{"line":1,"column":34}},"1":{"start":{"line":2,"column":0},"end":{"line":2,"column":42}},"11":{"start":{"line":12,"column":0},"end":{"line":12,"column":37}},"12":{"start":{"line":13,"column":0},"end":{"line":13,"column":20}},"13":{"start":{"line":14,"column":0},"end":{"line":14,"column":10}},"14":{"start":{"line":15,"column":0},"end":{"line":15,"column":10}},"15":{"start":{"line":16,"column":0},"end":{"line":16,"column":10}},"16":{"start":{"line":17,"column":0},"end":{"line":17,"column":15}},"17":{"start":{"line":18,"column":0},"end":{"line":18,"column":33}},"18":{"start":{"line":19,"column":0},"end":{"line":19,"column":19}},"19":{"start":{"line":20,"column":0},"end":{"line":20,"column":54}},"20":{"start":{"line":21,"column":0},"end":{"line":21,"column":10}},"21":{"start":{"line":22,"column":0},"end":{"line":22,"column":79}},"22":{"start":{"line":23,"column":0},"end":{"line":23,"column":9}},"23":{"start":{"line":24,"column":0},"end":{"line":24,"column":31}},"24":{"start":{"line":25,"column":0},"end":{"line":25,"column":7}},"26":{"start":{"line":27,"column":0},"end":{"line":27,"column":26}},"27":{"start":{"line":28,"column":0},"end":{"line":28,"column":23}},"28":{"start":{"line":29,"column":0},"end":{"line":29,"column":17}},"29":{"start":{"line":30,"column":0},"end":{"line":30,"column":17}},"30":{"start":{"line":31,"column":0},"end":{"line":31,"column":29}},"31":{"start":{"line":32,"column":0},"end":{"line":32,"column":44}},"32":{"start":{"line":33,"column":0},"end":{"line":33,"column":11}},"33":{"start":{"line":34,"column":0},"end":{"line":34,"column":16}},"34":{"start":{"line":35,"column":0},"end":{"line":35,"column":25}},"35":{"start":{"line":36,"column":0},"end":{"line":36,"column":17}},"36":{"start":{"line":37,"column":0},"end":{"line":37,"column":17}},"37":{"start":{"line":38,"column":0},"end":{"line":38,"column":29}},"38":{"start":{"line":39,"column":0},"end":{"line":39,"column":46}},"39":{"start":{"line":40,"column":0},"end":{"line":40,"column":11}},"40":{"start":{"line":41,"column":0},"end":{"line":41,"column":16}},"41":{"start":{"line":42,"column":0},"end":{"line":42,"column":25}},"42":{"start":{"line":43,"column":0},"end":{"line":43,"column":17}},"43":{"start":{"line":44,"column":0},"end":{"line":44,"column":17}},"44":{"start":{"line":45,"column":0},"end":{"line":45,"column":29}},"45":{"start":{"line":46,"column":0},"end":{"line":46,"column":46}},"46":{"start":{"line":47,"column":0},"end":{"line":47,"column":11}},"47":{"start":{"line":48,"column":0},"end":{"line":48,"column":16}},"48":{"start":{"line":49,"column":0},"end":{"line":49,"column":26}},"49":{"start":{"line":50,"column":0},"end":{"line":50,"column":17}},"50":{"start":{"line":51,"column":0},"end":{"line":51,"column":17}},"51":{"start":{"line":52,"column":0},"end":{"line":52,"column":29}},"52":{"start":{"line":53,"column":0},"end":{"line":53,"column":47}},"53":{"start":{"line":54,"column":0},"end":{"line":54,"column":11}},"54":{"start":{"line":55,"column":0},"end":{"line":55,"column":16}},"55":{"start":{"line":56,"column":0},"end":{"line":56,"column":17}},"56":{"start":{"line":57,"column":0},"end":{"line":57,"column":24}},"57":{"start":{"line":58,"column":0},"end":{"line":58,"column":33}},"58":{"start":{"line":59,"column":0},"end":{"line":59,"column":24}},"59":{"start":{"line":60,"column":0},"end":{"line":60,"column":22}},"60":{"start":{"line":61,"column":0},"end":{"line":61,"column":11}},"61":{"start":{"line":62,"column":0},"end":{"line":62,"column":16}},"62":{"start":{"line":63,"column":0},"end":{"line":63,"column":17}},"63":{"start":{"line":64,"column":0},"end":{"line":64,"column":17}},"64":{"start":{"line":65,"column":0},"end":{"line":65,"column":24}},"65":{"start":{"line":66,"column":0},"end":{"line":66,"column":22}},"66":{"start":{"line":67,"column":0},"end":{"line":67,"column":11}},"67":{"start":{"line":68,"column":0},"end":{"line":68,"column":16}},"68":{"start":{"line":69,"column":0},"end":{"line":69,"column":21}},"69":{"start":{"line":70,"column":0},"end":{"line":70,"column":24}},"70":{"start":{"line":71,"column":0},"end":{"line":71,"column":22}},"71":{"start":{"line":72,"column":0},"end":{"line":72,"column":11}},"72":{"start":{"line":73,"column":0},"end":{"line":73,"column":16}},"73":{"start":{"line":74,"column":0},"end":{"line":74,"column":16}},"74":{"start":{"line":75,"column":0},"end":{"line":75,"column":16}},"75":{"start":{"line":76,"column":0},"end":{"line":76,"column":7}},"76":{"start":{"line":77,"column":0},"end":{"line":77,"column":6}},"78":{"start":{"line":79,"column":0},"end":{"line":79,"column":55}},"80":{"start":{"line":81,"column":0},"end":{"line":81,"column":18}},"81":{"start":{"line":82,"column":0},"end":{"line":82,"column":60}},"82":{"start":{"line":83,"column":0},"end":{"line":83,"column":6}},"83":{"start":{"line":84,"column":0},"end":{"line":84,"column":67}},"84":{"start":{"line":85,"column":0},"end":{"line":85,"column":2}}},"s":{"0":0,"1":0,"11":0,"12":0,"13":0,"14":0,"15":0,"16":0,"17":0,"18":0,"19":0,"20":0,"21":0,"22":0,"23":0,"24":0,"26":0,"27":0,"28":0,"29":0,"30":0,"31":0,"32":0,"33":0,"34":0,"35":0,"36":0,"37":0,"38":0,"39":0,"40":0,"41":0,"42":0,"43":0,"44":0,"45":0,"46":0,"47":0,"48":0,"49":0,"50":0,"51":0,"52":0,"53":0,"54":0,"55":0,"56":0,"57":0,"58":0,"59":0,"60":0,"61":0,"62":0,"63":0,"64":0,"65":0,"66":0,"67":0,"68":0,"69":0,"70":0,"71":0,"72":0,"73":0,"74":0,"75":0,"76":0,"78":0,"80":0,"81":0,"82":0,"83":0,"84":0},"branchMap":{"0":{"type":"branch","line":1,"loc":{"start":{"line":1,"column":1955},"end":{"line":85,"column":2}},"locations":[{"start":{"line":1,"column":1955},"end":{"line":85,"column":2}}]}},"b":{"0":[0]},"fnMap":{"0":{"name":"(empty-report)","decl":{"start":{"line":1,"column":1955},"end":{"line":85,"column":2}},"loc":{"start":{"line":1,"column":1955},"end":{"line":85,"column":2}},"line":1}},"f":{"0":0}}
,"/Users/kuprins/Desktop/Coding/snake/src/hooks/useSnakeGame.ts": {"path":"/Users/kuprins/Desktop/Coding/snake/src/hooks/useSnakeGame.ts","all":false,"statementMap":{"0":{"start":{"line":1,"column":0},"end":{"line":1,"column":65}},"2":{"start":{"line":3,"column":0},"end":{"line":3,"column":54}},"3":{"start":{"line":4,"column":0},"end":{"line":4,"column":8}},"10":{"start":{"line":11,"column":0},"end":{"line":11,"column":70}},"11":{"start":{"line":12,"column":0},"end":{"line":12,"column":61}},"12":{"start":{"line":13,"column":0},"end":{"line":13,"column":35}},"13":{"start":{"line":14,"column":0},"end":{"line":14,"column":4}},"14":{"start":{"line":15,"column":0},"end":{"line":15,"column":50}},"15":{"start":{"line":16,"column":0},"end":{"line":16,"column":35}},"17":{"start":{"line":18,"column":0},"end":{"line":18,"column":19}},"18":{"start":{"line":19,"column":0},"end":{"line":19,"column":31}},"19":{"start":{"line":20,"column":0},"end":{"line":20,"column":15}},"21":{"start":{"line":22,"column":0},"end":{"line":22,"column":43}},"22":{"start":{"line":23,"column":0},"end":{"line":23,"column":30}},"23":{"start":{"line":24,"column":0},"end":{"line":24,"column":41}},"24":{"start":{"line":25,"column":0},"end":{"line":25,"column":5}},"26":{"start":{"line":27,"column":0},"end":{"line":27,"column":52}},"27":{"start":{"line":28,"column":0},"end":{"line":28,"column":38}},"28":{"start":{"line":29,"column":0},"end":{"line":29,"column":61}},"29":{"start":{"line":30,"column":0},"end":{"line":30,"column":66}},"30":{"start":{"line":31,"column":0},"end":{"line":31,"column":9}},"31":{"start":{"line":32,"column":0},"end":{"line":32,"column":28}},"32":{"start":{"line":33,"column":0},"end":{"line":33,"column":9}},"33":{"start":{"line":34,"column":0},"end":{"line":34,"column":39}},"34":{"start":{"line":35,"column":0},"end":{"line":35,"column":9}},"36":{"start":{"line":37,"column":0},"end":{"line":37,"column":42}},"37":{"start":{"line":38,"column":0},"end":{"line":38,"column":30}},"38":{"start":{"line":39,"column":0},"end":{"line":39,"column":41}},"39":{"start":{"line":40,"column":0},"end":{"line":40,"column":33}},"40":{"start":{"line":41,"column":0},"end":{"line":41,"column":5}},"41":{"start":{"line":42,"column":0},"end":{"line":42,"column":9}},"43":{"start":{"line":44,"column":0},"end":{"line":44,"column":68}},"44":{"start":{"line":45,"column":0},"end":{"line":45,"column":36}},"45":{"start":{"line":46,"column":0},"end":{"line":46,"column":10}},"46":{"start":{"line":47,"column":0},"end":{"line":47,"column":57}},"47":{"start":{"line":48,"column":0},"end":{"line":48,"column":68}},"48":{"start":{"line":49,"column":0},"end":{"line":49,"column":9}},"49":{"start":{"line":50,"column":0},"end":{"line":50,"column":16}},"50":{"start":{"line":51,"column":0},"end":{"line":51,"column":26}},"51":{"start":{"line":52,"column":0},"end":{"line":52,"column":34}},"52":{"start":{"line":53,"column":0},"end":{"line":53,"column":10}},"53":{"start":{"line":54,"column":0},"end":{"line":54,"column":7}},"54":{"start":{"line":55,"column":0},"end":{"line":55,"column":26}},"55":{"start":{"line":56,"column":0},"end":{"line":56,"column":7}},"56":{"start":{"line":57,"column":0},"end":{"line":57,"column":9}},"58":{"start":{"line":59,"column":0},"end":{"line":59,"column":39}},"59":{"start":{"line":60,"column":0},"end":{"line":60,"column":19}},"60":{"start":{"line":61,"column":0},"end":{"line":61,"column":60}},"61":{"start":{"line":62,"column":0},"end":{"line":62,"column":21}},"63":{"start":{"line":64,"column":0},"end":{"line":64,"column":41}},"64":{"start":{"line":65,"column":0},"end":{"line":65,"column":36}},"65":{"start":{"line":66,"column":0},"end":{"line":66,"column":59}},"66":{"start":{"line":67,"column":0},"end":{"line":67,"column":23}},"67":{"start":{"line":68,"column":0},"end":{"line":68,"column":16}},"68":{"start":{"line":69,"column":0},"end":{"line":69,"column":26}},"69":{"start":{"line":70,"column":0},"end":{"line":70,"column":40}},"70":{"start":{"line":71,"column":0},"end":{"line":71,"column":10}},"71":{"start":{"line":72,"column":0},"end":{"line":72,"column":65}},"72":{"start":{"line":73,"column":0},"end":{"line":73,"column":24}},"73":{"start":{"line":74,"column":0},"end":{"line":74,"column":16}},"74":{"start":{"line":75,"column":0},"end":{"line":75,"column":26}},"75":{"start":{"line":76,"column":0},"end":{"line":76,"column":41}},"76":{"start":{"line":77,"column":0},"end":{"line":77,"column":10}},"77":{"start":{"line":78,"column":0},"end":{"line":78,"column":7}},"78":{"start":{"line":79,"column":0},"end":{"line":79,"column":26}},"79":{"start":{"line":80,"column":0},"end":{"line":80,"column":7}},"80":{"start":{"line":81,"column":0},"end":{"line":81,"column":36}},"82":{"start":{"line":83,"column":0},"end":{"line":83,"column":39}},"83":{"start":{"line":84,"column":0},"end":{"line":84,"column":54}},"84":{"start":{"line":85,"column":0},"end":{"line":85,"column":13}},"85":{"start":{"line":86,"column":0},"end":{"line":86,"column":5}},"87":{"start":{"line":88,"column":0},"end":{"line":88,"column":56}},"88":{"start":{"line":89,"column":0},"end":{"line":89,"column":18}},"89":{"start":{"line":90,"column":0},"end":{"line":90,"column":5}},"91":{"start":{"line":92,"column":0},"end":{"line":92,"column":37}},"92":{"start":{"line":93,"column":0},"end":{"line":93,"column":22}},"93":{"start":{"line":94,"column":0},"end":{"line":94,"column":37}},"94":{"start":{"line":95,"column":0},"end":{"line":95,"column":8}},"96":{"start":{"line":97,"column":0},"end":{"line":97,"column":20}},"97":{"start":{"line":98,"column":0},"end":{"line":98,"column":55}},"99":{"start":{"line":100,"column":0},"end":{"line":100,"column":19}},"100":{"start":{"line":101,"column":0},"end":{"line":101,"column":18}},"101":{"start":{"line":102,"column":0},"end":{"line":102,"column":21}},"102":{"start":{"line":103,"column":0},"end":{"line":103,"column":6}},"103":{"start":{"line":104,"column":0},"end":{"line":104,"column":21}},"105":{"start":{"line":106,"column":0},"end":{"line":106,"column":19}},"106":{"start":{"line":107,"column":0},"end":{"line":107,"column":78}},"107":{"start":{"line":108,"column":0},"end":{"line":108,"column":22}},"108":{"start":{"line":109,"column":0},"end":{"line":109,"column":15}},"109":{"start":{"line":110,"column":0},"end":{"line":110,"column":52}},"110":{"start":{"line":111,"column":0},"end":{"line":111,"column":25}},"111":{"start":{"line":112,"column":0},"end":{"line":112,"column":7}},"112":{"start":{"line":113,"column":0},"end":{"line":113,"column":21}},"113":{"start":{"line":114,"column":0},"end":{"line":114,"column":5}},"114":{"start":{"line":115,"column":0},"end":{"line":115,"column":58}},"116":{"start":{"line":117,"column":0},"end":{"line":117,"column":10}},"117":{"start":{"line":118,"column":0},"end":{"line":118,"column":14}},"118":{"start":{"line":119,"column":0},"end":{"line":119,"column":20}},"119":{"start":{"line":120,"column":0},"end":{"line":120,"column":14}},"120":{"start":{"line":121,"column":0},"end":{"line":121,"column":16}},"121":{"start":{"line":122,"column":0},"end":{"line":122,"column":14}},"122":{"start":{"line":123,"column":0},"end":{"line":123,"column":63}},"123":{"start":{"line":124,"column":0},"end":{"line":124,"column":62}},"124":{"start":{"line":125,"column":0},"end":{"line":125,"column":57}},"125":{"start":{"line":126,"column":0},"end":{"line":126,"column":4}},"126":{"start":{"line":127,"column":0},"end":{"line":127,"column":2}}},"s":{"0":1,"2":1,"3":1,"10":1,"11":16,"12":9,"13":16,"14":16,"15":16,"17":16,"18":11,"19":16,"21":16,"22":10,"23":0,"24":0,"26":10,"27":1,"28":1,"29":1,"30":1,"31":0,"32":1,"33":10,"34":16,"36":16,"37":12,"38":10,"39":10,"40":10,"41":16,"43":16,"44":3,"45":3,"46":3,"47":3,"48":3,"49":2,"50":2,"51":2,"52":2,"53":2,"54":1,"55":3,"56":16,"58":16,"59":1,"60":1,"61":16,"63":16,"64":3,"65":3,"66":2,"67":2,"68":2,"69":2,"70":2,"71":3,"72":1,"73":1,"74":1,"75":1,"76":1,"77":1,"78":0,"79":3,"80":16,"82":16,"83":1,"84":1,"85":1,"87":0,"88":0,"89":0,"91":0,"92":0,"93":0,"94":0,"96":0,"97":16,"99":16,"100":9,"101":9,"102":9,"103":16,"105":16,"106":12,"107":9,"108":9,"109":3,"110":2,"111":3,"112":0,"113":0,"114":16,"116":16,"117":16,"118":16,"119":16,"120":16,"121":16,"122":16,"123":16,"124":16,"125":16,"126":16},"branchMap":{"0":{"type":"branch","line":11,"loc":{"start":{"line":11,"column":28},"end":{"line":127,"column":2}},"locations":[{"start":{"line":11,"column":28},"end":{"line":127,"column":2}}]},"1":{"type":"branch","line":12,"loc":{"start":{"line":12,"column":56},"end":{"line":13,"column":35}},"locations":[{"start":{"line":12,"column":56},"end":{"line":13,"column":35}}]},"2":{"type":"branch","line":18,"loc":{"start":{"line":18,"column":12},"end":{"line":20,"column":5}},"locations":[{"start":{"line":18,"column":12},"end":{"line":20,"column":5}}]},"3":{"type":"branch","line":22,"loc":{"start":{"line":22,"column":36},"end":{"line":35,"column":5}},"locations":[{"start":{"line":22,"column":36},"end":{"line":35,"column":5}}]},"4":{"type":"branch","line":23,"loc":{"start":{"line":23,"column":29},"end":{"line":25,"column":5}},"locations":[{"start":{"line":23,"column":29},"end":{"line":25,"column":5}}]},"5":{"type":"branch","line":27,"loc":{"start":{"line":27,"column":45},"end":{"line":34,"column":7}},"locations":[{"start":{"line":27,"column":45},"end":{"line":34,"column":7}}]},"6":{"type":"branch","line":28,"loc":{"start":{"line":28,"column":19},"end":{"line":33,"column":7}},"locations":[{"start":{"line":28,"column":19},"end":{"line":33,"column":7}}]},"7":{"type":"branch","line":31,"loc":{"start":{"line":31,"column":8},"end":{"line":32,"column":28}},"locations":[{"start":{"line":31,"column":8},"end":{"line":32,"column":28}}]},"8":{"type":"branch","line":37,"loc":{"start":{"line":37,"column":35},"end":{"line":42,"column":5}},"locations":[{"start":{"line":37,"column":35},"end":{"line":42,"column":5}}]},"9":{"type":"branch","line":38,"loc":{"start":{"line":38,"column":29},"end":{"line":41,"column":5}},"locations":[{"start":{"line":38,"column":29},"end":{"line":41,"column":5}}]},"10":{"type":"branch","line":44,"loc":{"start":{"line":44,"column":38},"end":{"line":57,"column":5}},"locations":[{"start":{"line":44,"column":38},"end":{"line":57,"column":5}}]},"11":{"type":"branch","line":45,"loc":{"start":{"line":45,"column":17},"end":{"line":56,"column":5}},"locations":[{"start":{"line":45,"column":17},"end":{"line":56,"column":5}}]},"12":{"type":"branch","line":49,"loc":{"start":{"line":49,"column":8},"end":{"line":54,"column":7}},"locations":[{"start":{"line":49,"column":8},"end":{"line":54,"column":7}}]},"13":{"type":"branch","line":54,"loc":{"start":{"line":54,"column":6},"end":{"line":55,"column":26}},"locations":[{"start":{"line":54,"column":6},"end":{"line":55,"column":26}}]},"14":{"type":"branch","line":59,"loc":{"start":{"line":59,"column":32},"end":{"line":62,"column":5}},"locations":[{"start":{"line":59,"column":32},"end":{"line":62,"column":5}}]},"15":{"type":"branch","line":64,"loc":{"start":{"line":64,"column":34},"end":{"line":81,"column":5}},"locations":[{"start":{"line":64,"column":34},"end":{"line":81,"column":5}}]},"16":{"type":"branch","line":65,"loc":{"start":{"line":65,"column":17},"end":{"line":80,"column":5}},"locations":[{"start":{"line":65,"column":17},"end":{"line":80,"column":5}}]},"17":{"type":"branch","line":66,"loc":{"start":{"line":66,"column":58},"end":{"line":72,"column":17}},"locations":[{"start":{"line":66,"column":58},"end":{"line":72,"column":17}}]},"18":{"type":"branch","line":72,"loc":{"start":{"line":72,"column":6},"end":{"line":78,"column":7}},"locations":[{"start":{"line":72,"column":6},"end":{"line":78,"column":7}}]},"19":{"type":"branch","line":78,"loc":{"start":{"line":78,"column":6},"end":{"line":79,"column":26}},"locations":[{"start":{"line":78,"column":6},"end":{"line":79,"column":26}}]},"20":{"type":"branch","line":83,"loc":{"start":{"line":83,"column":32},"end":{"line":98,"column":5}},"locations":[{"start":{"line":83,"column":32},"end":{"line":98,"column":5}}]},"21":{"type":"branch","line":86,"loc":{"start":{"line":86,"column":4},"end":{"line":97,"column":20}},"locations":[{"start":{"line":86,"column":4},"end":{"line":97,"column":20}}]},"22":{"type":"branch","line":100,"loc":{"start":{"line":100,"column":12},"end":{"line":104,"column":5}},"locations":[{"start":{"line":100,"column":12},"end":{"line":104,"column":5}}]},"23":{"type":"branch","line":101,"loc":{"start":{"line":101,"column":11},"end":{"line":103,"column":6}},"locations":[{"start":{"line":101,"column":11},"end":{"line":103,"column":6}}]},"24":{"type":"branch","line":106,"loc":{"start":{"line":106,"column":12},"end":{"line":115,"column":5}},"locations":[{"start":{"line":106,"column":12},"end":{"line":115,"column":5}}]},"25":{"type":"branch","line":107,"loc":{"start":{"line":107,"column":44},"end":{"line":107,"column":77}},"locations":[{"start":{"line":107,"column":44},"end":{"line":107,"column":77}}]},"26":{"type":"branch","line":107,"loc":{"start":{"line":107,"column":77},"end":{"line":109,"column":15}},"locations":[{"start":{"line":107,"column":77},"end":{"line":109,"column":15}}]},"27":{"type":"branch","line":109,"loc":{"start":{"line":109,"column":4},"end":{"line":114,"column":5}},"locations":[{"start":{"line":109,"column":4},"end":{"line":114,"column":5}}]},"28":{"type":"branch","line":110,"loc":{"start":{"line":110,"column":42},"end":{"line":111,"column":25}},"locations":[{"start":{"line":110,"column":42},"end":{"line":111,"column":25}}]},"29":{"type":"branch","line":112,"loc":{"start":{"line":112,"column":6},"end":{"line":114,"column":5}},"locations":[{"start":{"line":112,"column":6},"end":{"line":114,"column":5}}]}},"b":{"0":[16],"1":[9],"2":[11],"3":[10],"4":[0],"5":[1],"6":[1],"7":[0],"8":[12],"9":[10],"10":[3],"11":[3],"12":[2],"13":[1],"14":[1],"15":[3],"16":[3],"17":[2],"18":[1],"19":[0],"20":[1],"21":[0],"22":[9],"23":[9],"24":[12],"25":[10],"26":[9],"27":[3],"28":[2],"29":[0]},"fnMap":{"0":{"name":"useSnakeGame","decl":{"start":{"line":11,"column":28},"end":{"line":127,"column":2}},"loc":{"start":{"line":11,"column":28},"end":{"line":127,"column":2}},"line":11}},"f":{"0":16}}
,"/Users/kuprins/Desktop/Coding/snake/src/types/game.ts": {"path":"/Users/kuprins/Desktop/Coding/snake/src/types/game.ts","all":false,"statementMap":{"5":{"start":{"line":6,"column":0},"end":{"line":6,"column":26}},"6":{"start":{"line":7,"column":0},"end":{"line":7,"column":11}},"7":{"start":{"line":8,"column":0},"end":{"line":8,"column":15}},"8":{"start":{"line":9,"column":0},"end":{"line":9,"column":15}},"9":{"start":{"line":10,"column":0},"end":{"line":10,"column":17}},"10":{"start":{"line":11,"column":0},"end":{"line":11,"column":11}},"14":{"start":{"line":15,"column":0},"end":{"line":15,"column":27}},"15":{"start":{"line":16,"column":0},"end":{"line":16,"column":21}},"16":{"start":{"line":17,"column":0},"end":{"line":17,"column":25}},"17":{"start":{"line":18,"column":0},"end":{"line":18,"column":19}},"18":{"start":{"line":19,"column":0},"end":{"line":19,"column":11}}},"s":{"5":1,"6":1,"7":1,"8":1,"9":1,"10":1,"14":1,"15":1,"16":1,"17":1,"18":1},"branchMap":{},"b":{},"fnMap":{},"f":{}}
,"/Users/kuprins/Desktop/Coding/snake/src/utils/gameLogic.ts": {"path":"/Users/kuprins/Desktop/Coding/snake/src/utils/gameLogic.ts","all":false,"statementMap":{"1":{"start":{"line":2,"column":0},"end":{"line":2,"column":54}},"3":{"start":{"line":4,"column":0},"end":{"line":4,"column":43}},"4":{"start":{"line":5,"column":0},"end":{"line":5,"column":16}},"5":{"start":{"line":6,"column":0},"end":{"line":6,"column":20}},"6":{"start":{"line":7,"column":0},"end":{"line":7,"column":15}},"7":{"start":{"line":8,"column":0},"end":{"line":8,"column":2}},"10":{"start":{"line":11,"column":0},"end":{"line":11,"column":39}},"11":{"start":{"line":12,"column":0},"end":{"line":12,"column":38}},"12":{"start":{"line":13,"column":0},"end":{"line":13,"column":17}},"13":{"start":{"line":14,"column":0},"end":{"line":14,"column":51}},"14":{"start":{"line":15,"column":0},"end":{"line":15,"column":51}},"16":{"start":{"line":17,"column":0},"end":{"line":17,"column":36}},"17":{"start":{"line":18,"column":0},"end":{"line":18,"column":31}},"18":{"start":{"line":19,"column":0},"end":{"line":19,"column":35}},"19":{"start":{"line":20,"column":0},"end":{"line":20,"column":35}},"20":{"start":{"line":21,"column":0},"end":{"line":21,"column":4}},"22":{"start":{"line":23,"column":0},"end":{"line":23,"column":10}},"23":{"start":{"line":24,"column":0},"end":{"line":24,"column":24}},"24":{"start":{"line":25,"column":0},"end":{"line":25,"column":55}},"25":{"start":{"line":26,"column":0},"end":{"line":26,"column":31}},"26":{"start":{"line":27,"column":0},"end":{"line":27,"column":13}},"27":{"start":{"line":28,"column":0},"end":{"line":28,"column":35}},"28":{"start":{"line":29,"column":0},"end":{"line":29,"column":32}},"29":{"start":{"line":30,"column":0},"end":{"line":30,"column":4}},"30":{"start":{"line":31,"column":0},"end":{"line":31,"column":2}},"32":{"start":{"line":33,"column":0},"end":{"line":33,"column":29}},"33":{"start":{"line":34,"column":0},"end":{"line":34,"column":20}},"34":{"start":{"line":35,"column":0},"end":{"line":35,"column":20}},"35":{"start":{"line":36,"column":0},"end":{"line":36,"column":16}},"36":{"start":{"line":37,"column":0},"end":{"line":37,"column":77}},"38":{"start":{"line":39,"column":0},"end":{"line":39,"column":21}},"39":{"start":{"line":40,"column":0},"end":{"line":40,"column":6}},"40":{"start":{"line":41,"column":0},"end":{"line":41,"column":12}},"41":{"start":{"line":42,"column":0},"end":{"line":42,"column":47}},"42":{"start":{"line":43,"column":0},"end":{"line":43,"column":47}},"43":{"start":{"line":44,"column":0},"end":{"line":44,"column":6}},"44":{"start":{"line":45,"column":0},"end":{"line":45,"column":57}},"46":{"start":{"line":47,"column":0},"end":{"line":47,"column":14}},"47":{"start":{"line":48,"column":0},"end":{"line":48,"column":2}},"49":{"start":{"line":50,"column":0},"end":{"line":50,"column":32}},"50":{"start":{"line":51,"column":0},"end":{"line":51,"column":17}},"51":{"start":{"line":52,"column":0},"end":{"line":52,"column":23}},"52":{"start":{"line":53,"column":0},"end":{"line":53,"column":16}},"53":{"start":{"line":54,"column":0},"end":{"line":54,"column":22}},"54":{"start":{"line":55,"column":0},"end":{"line":55,"column":22}},"55":{"start":{"line":56,"column":0},"end":{"line":56,"column":42}},"56":{"start":{"line":57,"column":0},"end":{"line":57,"column":24}},"57":{"start":{"line":58,"column":0},"end":{"line":58,"column":42}},"58":{"start":{"line":59,"column":0},"end":{"line":59,"column":24}},"59":{"start":{"line":60,"column":0},"end":{"line":60,"column":42}},"60":{"start":{"line":61,"column":0},"end":{"line":61,"column":25}},"61":{"start":{"line":62,"column":0},"end":{"line":62,"column":42}},"62":{"start":{"line":63,"column":0},"end":{"line":63,"column":12}},"63":{"start":{"line":64,"column":0},"end":{"line":64,"column":18}},"64":{"start":{"line":65,"column":0},"end":{"line":65,"column":3}},"65":{"start":{"line":66,"column":0},"end":{"line":66,"column":2}},"67":{"start":{"line":68,"column":0},"end":{"line":68,"column":30}},"68":{"start":{"line":69,"column":0},"end":{"line":69,"column":21}},"69":{"start":{"line":70,"column":0},"end":{"line":70,"column":20}},"70":{"start":{"line":71,"column":0},"end":{"line":71,"column":15}},"71":{"start":{"line":72,"column":0},"end":{"line":72,"column":10}},"72":{"start":{"line":73,"column":0},"end":{"line":73,"column":21}},"73":{"start":{"line":74,"column":0},"end":{"line":74,"column":30}},"74":{"start":{"line":75,"column":0},"end":{"line":75,"column":21}},"75":{"start":{"line":76,"column":0},"end":{"line":76,"column":27}},"77":{"start":{"line":78,"column":0},"end":{"line":78,"column":2}},"79":{"start":{"line":80,"column":0},"end":{"line":80,"column":36}},"80":{"start":{"line":81,"column":0},"end":{"line":81,"column":21}},"81":{"start":{"line":82,"column":0},"end":{"line":82,"column":20}},"82":{"start":{"line":83,"column":0},"end":{"line":83,"column":15}},"83":{"start":{"line":84,"column":0},"end":{"line":84,"column":20}},"84":{"start":{"line":85,"column":0},"end":{"line":85,"column":70}},"85":{"start":{"line":86,"column":0},"end":{"line":86,"column":4}},"86":{"start":{"line":87,"column":0},"end":{"line":87,"column":2}},"88":{"start":{"line":89,"column":0},"end":{"line":89,"column":76}},"89":{"start":{"line":90,"column":0},"end":{"line":90,"column":48}},"90":{"start":{"line":91,"column":0},"end":{"line":91,"column":2}},"92":{"start":{"line":93,"column":0},"end":{"line":93,"column":39}},"93":{"start":{"line":94,"column":0},"end":{"line":94,"column":30}},"94":{"start":{"line":95,"column":0},"end":{"line":95,"column":26}},"95":{"start":{"line":96,"column":0},"end":{"line":96,"column":15}},"96":{"start":{"line":97,"column":0},"end":{"line":97,"column":21}},"97":{"start":{"line":98,"column":0},"end":{"line":98,"column":35}},"98":{"start":{"line":99,"column":0},"end":{"line":99,"column":35}},"99":{"start":{"line":100,"column":0},"end":{"line":100,"column":38}},"100":{"start":{"line":101,"column":0},"end":{"line":101,"column":38}},"101":{"start":{"line":102,"column":0},"end":{"line":102,"column":4}},"103":{"start":{"line":104,"column":0},"end":{"line":104,"column":54}},"104":{"start":{"line":105,"column":0},"end":{"line":105,"column":2}},"106":{"start":{"line":107,"column":0},"end":{"line":107,"column":32}},"107":{"start":{"line":108,"column":0},"end":{"line":108,"column":26}},"108":{"start":{"line":109,"column":0},"end":{"line":109,"column":38}},"109":{"start":{"line":110,"column":0},"end":{"line":110,"column":17}},"110":{"start":{"line":111,"column":0},"end":{"line":111,"column":55}},"111":{"start":{"line":112,"column":0},"end":{"line":112,"column":24}},"112":{"start":{"line":113,"column":0},"end":{"line":113,"column":3}},"114":{"start":{"line":115,"column":0},"end":{"line":115,"column":37}},"115":{"start":{"line":116,"column":0},"end":{"line":116,"column":69}},"117":{"start":{"line":118,"column":0},"end":{"line":118,"column":60}},"118":{"start":{"line":119,"column":0},"end":{"line":119,"column":12}},"119":{"start":{"line":120,"column":0},"end":{"line":120,"column":22}},"120":{"start":{"line":121,"column":0},"end":{"line":121,"column":39}},"121":{"start":{"line":122,"column":0},"end":{"line":122,"column":6}},"122":{"start":{"line":123,"column":0},"end":{"line":123,"column":3}},"124":{"start":{"line":125,"column":0},"end":{"line":125,"column":62}},"125":{"start":{"line":126,"column":0},"end":{"line":126,"column":12}},"126":{"start":{"line":127,"column":0},"end":{"line":127,"column":22}},"127":{"start":{"line":128,"column":0},"end":{"line":128,"column":39}},"128":{"start":{"line":129,"column":0},"end":{"line":129,"column":6}},"129":{"start":{"line":130,"column":0},"end":{"line":130,"column":3}},"131":{"start":{"line":132,"column":0},"end":{"line":132,"column":57}},"133":{"start":{"line":134,"column":0},"end":{"line":134,"column":68}},"135":{"start":{"line":136,"column":0},"end":{"line":136,"column":18}},"136":{"start":{"line":137,"column":0},"end":{"line":137,"column":44}},"138":{"start":{"line":139,"column":0},"end":{"line":139,"column":38}},"139":{"start":{"line":140,"column":0},"end":{"line":140,"column":14}},"140":{"start":{"line":141,"column":0},"end":{"line":141,"column":24}},"141":{"start":{"line":142,"column":0},"end":{"line":142,"column":24}},"142":{"start":{"line":143,"column":0},"end":{"line":143,"column":24}},"143":{"start":{"line":144,"column":0},"end":{"line":144,"column":41}},"144":{"start":{"line":145,"column":0},"end":{"line":145,"column":8}},"145":{"start":{"line":146,"column":0},"end":{"line":146,"column":5}},"147":{"start":{"line":148,"column":0},"end":{"line":148,"column":12}},"148":{"start":{"line":149,"column":0},"end":{"line":149,"column":22}},"149":{"start":{"line":150,"column":0},"end":{"line":150,"column":22}},"150":{"start":{"line":151,"column":0},"end":{"line":151,"column":59}},"151":{"start":{"line":152,"column":0},"end":{"line":152,"column":22}},"152":{"start":{"line":153,"column":0},"end":{"line":153,"column":6}},"153":{"start":{"line":154,"column":0},"end":{"line":154,"column":10}},"154":{"start":{"line":155,"column":0},"end":{"line":155,"column":19}},"155":{"start":{"line":156,"column":0},"end":{"line":156,"column":12}},"156":{"start":{"line":157,"column":0},"end":{"line":157,"column":22}},"157":{"start":{"line":158,"column":0},"end":{"line":158,"column":22}},"158":{"start":{"line":159,"column":0},"end":{"line":159,"column":6}},"159":{"start":{"line":160,"column":0},"end":{"line":160,"column":3}},"160":{"start":{"line":161,"column":0},"end":{"line":161,"column":2}}},"s":{"1":1,"3":1,"4":1,"5":1,"6":1,"7":1,"10":1,"11":17,"12":17,"13":17,"14":17,"16":17,"17":17,"18":17,"19":17,"20":17,"22":17,"23":17,"24":17,"25":17,"26":17,"27":17,"28":17,"29":17,"30":17,"32":1,"33":19,"34":19,"35":19,"36":19,"38":19,"39":19,"40":20,"41":20,"42":20,"43":20,"44":19,"46":19,"47":19,"49":1,"50":10,"51":10,"52":10,"53":10,"54":10,"55":2,"56":10,"57":1,"58":10,"59":1,"60":10,"61":6,"62":10,"63":0,"64":10,"65":10,"67":1,"68":13,"69":13,"70":13,"71":13,"72":13,"73":12,"74":10,"75":9,"77":13,"79":1,"80":9,"81":9,"82":9,"83":9,"84":9,"85":9,"86":9,"88":1,"89":7,"90":7,"92":1,"93":11,"94":11,"95":11,"96":11,"97":11,"98":11,"99":11,"100":11,"101":11,"103":11,"104":11,"106":1,"107":6,"108":6,"109":6,"110":6,"111":0,"112":0,"114":6,"115":6,"117":6,"118":1,"119":1,"120":1,"121":1,"122":1,"124":6,"125":1,"126":1,"127":1,"128":1,"129":1,"131":4,"133":4,"135":6,"136":2,"138":2,"139":1,"140":1,"141":1,"142":1,"143":1,"144":1,"145":1,"147":1,"148":1,"149":1,"150":1,"151":1,"152":1,"153":2,"154":2,"155":2,"156":2,"157":2,"158":2,"159":2,"160":6},"branchMap":{"0":{"type":"branch","line":11,"loc":{"start":{"line":11,"column":38},"end":{"line":31,"column":2}},"locations":[{"start":{"line":11,"column":38},"end":{"line":31,"column":2}}]},"1":{"type":"branch","line":33,"loc":{"start":{"line":33,"column":28},"end":{"line":48,"column":2}},"locations":[{"start":{"line":33,"column":28},"end":{"line":48,"column":2}}]},"2":{"type":"branch","line":40,"loc":{"start":{"line":40,"column":5},"end":{"line":45,"column":11}},"locations":[{"start":{"line":40,"column":5},"end":{"line":45,"column":11}}]},"3":{"type":"branch","line":37,"loc":{"start":{"line":37,"column":46},"end":{"line":37,"column":74}},"locations":[{"start":{"line":37,"column":46},"end":{"line":37,"column":74}}]},"4":{"type":"branch","line":50,"loc":{"start":{"line":50,"column":31},"end":{"line":66,"column":2}},"locations":[{"start":{"line":50,"column":31},"end":{"line":66,"column":2}}]},"5":{"type":"branch","line":55,"loc":{"start":{"line":55,"column":4},"end":{"line":56,"column":42}},"locations":[{"start":{"line":55,"column":4},"end":{"line":56,"column":42}}]},"6":{"type":"branch","line":57,"loc":{"start":{"line":57,"column":4},"end":{"line":58,"column":42}},"locations":[{"start":{"line":57,"column":4},"end":{"line":58,"column":42}}]},"7":{"type":"branch","line":59,"loc":{"start":{"line":59,"column":4},"end":{"line":60,"column":42}},"locations":[{"start":{"line":59,"column":4},"end":{"line":60,"column":42}}]},"8":{"type":"branch","line":61,"loc":{"start":{"line":61,"column":4},"end":{"line":62,"column":42}},"locations":[{"start":{"line":61,"column":4},"end":{"line":62,"column":42}}]},"9":{"type":"branch","line":63,"loc":{"start":{"line":63,"column":4},"end":{"line":64,"column":18}},"locations":[{"start":{"line":63,"column":4},"end":{"line":64,"column":18}}]},"10":{"type":"branch","line":68,"loc":{"start":{"line":68,"column":29},"end":{"line":78,"column":2}},"locations":[{"start":{"line":68,"column":29},"end":{"line":78,"column":2}}]},"11":{"type":"branch","line":73,"loc":{"start":{"line":73,"column":17},"end":{"line":74,"column":30}},"locations":[{"start":{"line":73,"column":17},"end":{"line":74,"column":30}}]},"12":{"type":"branch","line":74,"loc":{"start":{"line":74,"column":18},"end":{"line":75,"column":21}},"locations":[{"start":{"line":74,"column":18},"end":{"line":75,"column":21}}]},"13":{"type":"branch","line":75,"loc":{"start":{"line":75,"column":17},"end":{"line":76,"column":27}},"locations":[{"start":{"line":75,"column":17},"end":{"line":76,"column":27}}]},"14":{"type":"branch","line":80,"loc":{"start":{"line":80,"column":35},"end":{"line":87,"column":2}},"locations":[{"start":{"line":80,"column":35},"end":{"line":87,"column":2}}]},"15":{"type":"branch","line":85,"loc":{"start":{"line":85,"column":4},"end":{"line":85,"column":70}},"locations":[{"start":{"line":85,"column":4},"end":{"line":85,"column":70}}]},"16":{"type":"branch","line":85,"loc":{"start":{"line":85,"column":40},"end":{"line":85,"column":70}},"locations":[{"start":{"line":85,"column":40},"end":{"line":85,"column":70}}]},"17":{"type":"branch","line":89,"loc":{"start":{"line":89,"column":30},"end":{"line":91,"column":2}},"locations":[{"start":{"line":89,"column":30},"end":{"line":91,"column":2}}]},"18":{"type":"branch","line":90,"loc":{"start":{"line":90,"column":25},"end":{"line":90,"column":48}},"locations":[{"start":{"line":90,"column":25},"end":{"line":90,"column":48}}]},"19":{"type":"branch","line":93,"loc":{"start":{"line":93,"column":38},"end":{"line":105,"column":2}},"locations":[{"start":{"line":93,"column":38},"end":{"line":105,"column":2}}]},"20":{"type":"branch","line":107,"loc":{"start":{"line":107,"column":31},"end":{"line":161,"column":2}},"locations":[{"start":{"line":107,"column":31},"end":{"line":161,"column":2}}]},"21":{"type":"branch","line":111,"loc":{"start":{"line":111,"column":54},"end":{"line":113,"column":3}},"locations":[{"start":{"line":111,"column":54},"end":{"line":113,"column":3}}]},"22":{"type":"branch","line":118,"loc":{"start":{"line":118,"column":59},"end":{"line":123,"column":3}},"locations":[{"start":{"line":118,"column":59},"end":{"line":123,"column":3}}]},"23":{"type":"branch","line":123,"loc":{"start":{"line":123,"column":2},"end":{"line":125,"column":61}},"locations":[{"start":{"line":123,"column":2},"end":{"line":125,"column":61}}]},"24":{"type":"branch","line":125,"loc":{"start":{"line":125,"column":61},"end":{"line":130,"column":3}},"locations":[{"start":{"line":125,"column":61},"end":{"line":130,"column":3}}]},"25":{"type":"branch","line":130,"loc":{"start":{"line":130,"column":2},"end":{"line":136,"column":17}},"locations":[{"start":{"line":130,"column":2},"end":{"line":136,"column":17}}]},"26":{"type":"branch","line":136,"loc":{"start":{"line":136,"column":17},"end":{"line":160,"column":3}},"locations":[{"start":{"line":136,"column":17},"end":{"line":160,"column":3}}]},"27":{"type":"branch","line":139,"loc":{"start":{"line":139,"column":37},"end":{"line":154,"column":9}},"locations":[{"start":{"line":139,"column":37},"end":{"line":154,"column":9}}]}},"b":{"0":[17],"1":[19],"2":[20],"3":[58],"4":[10],"5":[2],"6":[1],"7":[1],"8":[6],"9":[0],"10":[13],"11":[12],"12":[10],"13":[9],"14":[9],"15":[29],"16":[5],"17":[7],"18":[4],"19":[11],"20":[6],"21":[0],"22":[1],"23":[5],"24":[1],"25":[4],"26":[2],"27":[1]},"fnMap":{"0":{"name":"createInitialGameState","decl":{"start":{"line":11,"column":38},"end":{"line":31,"column":2}},"loc":{"start":{"line":11,"column":38},"end":{"line":31,"column":2}},"line":11},"1":{"name":"generateFood","decl":{"start":{"line":33,"column":28},"end":{"line":48,"column":2}},"loc":{"start":{"line":33,"column":28},"end":{"line":48,"column":2}},"line":33},"2":{"name":"getNextPosition","decl":{"start":{"line":50,"column":31},"end":{"line":66,"column":2}},"loc":{"start":{"line":50,"column":31},"end":{"line":66,"column":2}},"line":50},"3":{"name":"isOutOfBounds","decl":{"start":{"line":68,"column":29},"end":{"line":78,"column":2}},"loc":{"start":{"line":68,"column":29},"end":{"line":78,"column":2}},"line":68},"4":{"name":"isCollisionWithSelf","decl":{"start":{"line":80,"column":35},"end":{"line":87,"column":2}},"loc":{"start":{"line":80,"column":35},"end":{"line":87,"column":2}},"line":80},"5":{"name":"positionsEqual","decl":{"start":{"line":89,"column":30},"end":{"line":91,"column":2}},"loc":{"start":{"line":89,"column":30},"end":{"line":91,"column":2}},"line":89},"6":{"name":"isValidDirectionChange","decl":{"start":{"line":93,"column":38},"end":{"line":105,"column":2}},"loc":{"start":{"line":93,"column":38},"end":{"line":105,"column":2}},"line":93},"7":{"name":"updateGameState","decl":{"start":{"line":107,"column":31},"end":{"line":161,"column":2}},"loc":{"start":{"line":107,"column":31},"end":{"line":161,"column":2}},"line":107}},"f":{"0":17,"1":19,"2":10,"3":13,"4":9,"5":7,"6":11,"7":6}}
}
